<?xml version="1.0" encoding="UTF-8"?>
<!-- Generated by org.testng.reporters.JUnitXMLReporter -->
<testsuite ignored="6" hostname="DESKTOP-K8U4OTN" failures="0" tests="8" name="Test Runner-1" time="50.108" errors="0" timestamp="2023-08-08T10:06:42 IST">
  <testcase classname="com.hrm.GenericUtility.Baseclass" name="@BeforeMethod cofig_BM" time="1.822">
    <failure type="org.openqa.selenium.NoSuchElementException" message="Unable to locate element: //input[@type=&amp;apos;Email&amp;apos;]
For documentation on this error, please visit: https://www.seleniumhq.org/exceptions/no_such_element.html
Build info: version: &amp;apos;3.141.59&amp;apos;, revision: &amp;apos;e82be7d358&amp;apos;, time: &amp;apos;2018-11-14T08:17:03&amp;apos;
System info: host: &amp;apos;DESKTOP-K8U4OTN&amp;apos;, ip: &amp;apos;192.168.119.1&amp;apos;, os.name: &amp;apos;Windows 10&amp;apos;, os.arch: &amp;apos;amd64&amp;apos;, os.version: &amp;apos;10.0&amp;apos;, java.version: &amp;apos;17.0.8&amp;apos;
Driver info: org.openqa.selenium.firefox.FirefoxDriver
Capabilities {acceptInsecureCerts: true, browserName: firefox, browserVersion: 115.0.3, javascriptEnabled: true, moz:accessibilityChecks: false, moz:buildID: 20230726201356, moz:geckodriverVersion: 0.31.0, moz:headless: false, moz:platformVersion: 10.0, moz:processID: 14960, moz:profile: C:\Users\KOUSHI~1\AppData\L..., moz:shutdownTimeout: 60000, moz:useNonSpecCompliantPointerOrigin: false, moz:webdriverClick: true, moz:windowless: false, pageLoadStrategy: normal, platform: WINDOWS, platformName: WINDOWS, proxy: Proxy(), setWindowRect: true, strictFileInteractability: false, timeouts: {implicit: 0, pageLoad: 300000, script: 30000}, unhandledPromptBehavior: dismiss and notify}
Session ID: 5519ddab-9a03-497d-9f16-f273b4768d8e
*** Element info: {Using=xpath, value=//input[@type=&amp;apos;Email&amp;apos;]}">
      <![CDATA[org.openqa.selenium.NoSuchElementException: Unable to locate element: //input[@type='Email']
For documentation on this error, please visit: https://www.seleniumhq.org/exceptions/no_such_element.html
Build info: version: '3.141.59', revision: 'e82be7d358', time: '2018-11-14T08:17:03'
System info: host: 'DESKTOP-K8U4OTN', ip: '192.168.119.1', os.name: 'Windows 10', os.arch: 'amd64', os.version: '10.0', java.version: '17.0.8'
Driver info: org.openqa.selenium.firefox.FirefoxDriver
Capabilities {acceptInsecureCerts: true, browserName: firefox, browserVersion: 115.0.3, javascriptEnabled: true, moz:accessibilityChecks: false, moz:buildID: 20230726201356, moz:geckodriverVersion: 0.31.0, moz:headless: false, moz:platformVersion: 10.0, moz:processID: 14960, moz:profile: C:\Users\KOUSHI~1\AppData\L..., moz:shutdownTimeout: 60000, moz:useNonSpecCompliantPointerOrigin: false, moz:webdriverClick: true, moz:windowless: false, pageLoadStrategy: normal, platform: WINDOWS, platformName: WINDOWS, proxy: Proxy(), setWindowRect: true, strictFileInteractability: false, timeouts: {implicit: 0, pageLoad: 300000, script: 30000}, unhandledPromptBehavior: dismiss and notify}
Session ID: 5519ddab-9a03-497d-9f16-f273b4768d8e
*** Element info: {Using=xpath, value=//input[@type='Email']}
at org.openqa.selenium.remote.http.W3CHttpResponseCodec.createException(W3CHttpResponseCodec.java:187)
at org.openqa.selenium.remote.http.W3CHttpResponseCodec.decode(W3CHttpResponseCodec.java:122)
at org.openqa.selenium.remote.http.W3CHttpResponseCodec.decode(W3CHttpResponseCodec.java:49)
at org.openqa.selenium.remote.HttpCommandExecutor.execute(HttpCommandExecutor.java:158)
at org.openqa.selenium.remote.service.DriverCommandExecutor.execute(DriverCommandExecutor.java:83)
at org.openqa.selenium.remote.RemoteWebDriver.execute(RemoteWebDriver.java:552)
at org.openqa.selenium.remote.RemoteWebDriver.findElement(RemoteWebDriver.java:323)
at org.openqa.selenium.remote.RemoteWebDriver.findElementByXPath(RemoteWebDriver.java:428)
at org.openqa.selenium.By$ByXPath.findElement(By.java:353)
at org.openqa.selenium.remote.RemoteWebDriver.findElement(RemoteWebDriver.java:315)
at org.openqa.selenium.support.pagefactory.DefaultElementLocator.findElement(DefaultElementLocator.java:69)
at org.openqa.selenium.support.pagefactory.internal.LocatingElementHandler.invoke(LocatingElementHandler.java:38)
at jdk.proxy2/jdk.proxy2.$Proxy18.sendKeys(Unknown Source)
at com.hrm.ObjectRepository.Loginpage.login(Loginpage.java:52)
at com.hrm.GenericUtility.Baseclass.cofig_BM(Baseclass.java:55)
at java.base/java.util.ArrayList.forEach(ArrayList.java:1511)
at java.base/java.util.concurrent.FutureTask.run(FutureTask.java:264)
at java.base/java.util.concurrent.ThreadPoolExecutor.runWorker(ThreadPoolExecutor.java:1136)
at java.base/java.util.concurrent.ThreadPoolExecutor$Worker.run(ThreadPoolExecutor.java:635)
at java.base/java.lang.Thread.run(Thread.java:833)
... Removed 27 stack frames]]>
    </failure>
  </testcase> <!-- @BeforeMethod cofig_BM -->
  <testcase classname="com.hrm.GenericUtility.Baseclass" name="@AfterMethod cofig_AM" time="-1.691469366883E9">
    <skipped/>
  </testcase> <!-- @AfterMethod cofig_AM -->
  <testcase classname="com.hrm.GenericUtility.Baseclass" name="@BeforeMethod cofig_BM" time="-1.691469366889E9">
    <skipped/>
  </testcase> <!-- @BeforeMethod cofig_BM -->
  <testcase classname="com.hrm.GenericUtility.Baseclass" name="@AfterMethod cofig_AM" time="-1.691469366904E9">
    <skipped/>
  </testcase> <!-- @AfterMethod cofig_AM -->
  <testcase classname="com.hrm.GenericUtility.Baseclass" name="@AfterClass config_AC" time="-1.691469366909E9">
    <skipped/>
  </testcase> <!-- @AfterClass config_AC -->
  <testcase classname="com.hrm.GenericUtility.Baseclass" name="@BeforeMethod cofig_BM" time="0.353">
    <failure type="org.openqa.selenium.NoSuchElementException" message="Unable to locate element: //input[@type=&amp;apos;Email&amp;apos;]
For documentation on this error, please visit: https://www.seleniumhq.org/exceptions/no_such_element.html
Build info: version: &amp;apos;3.141.59&amp;apos;, revision: &amp;apos;e82be7d358&amp;apos;, time: &amp;apos;2018-11-14T08:17:03&amp;apos;
System info: host: &amp;apos;DESKTOP-K8U4OTN&amp;apos;, ip: &amp;apos;192.168.119.1&amp;apos;, os.name: &amp;apos;Windows 10&amp;apos;, os.arch: &amp;apos;amd64&amp;apos;, os.version: &amp;apos;10.0&amp;apos;, java.version: &amp;apos;17.0.8&amp;apos;
Driver info: org.openqa.selenium.firefox.FirefoxDriver
Capabilities {acceptInsecureCerts: true, browserName: firefox, browserVersion: 115.0.3, javascriptEnabled: true, moz:accessibilityChecks: false, moz:buildID: 20230726201356, moz:geckodriverVersion: 0.31.0, moz:headless: false, moz:platformVersion: 10.0, moz:processID: 13624, moz:profile: C:\Users\KOUSHI~1\AppData\L..., moz:shutdownTimeout: 60000, moz:useNonSpecCompliantPointerOrigin: false, moz:webdriverClick: true, moz:windowless: false, pageLoadStrategy: normal, platform: WINDOWS, platformName: WINDOWS, proxy: Proxy(), setWindowRect: true, strictFileInteractability: false, timeouts: {implicit: 0, pageLoad: 300000, script: 30000}, unhandledPromptBehavior: dismiss and notify}
Session ID: 6ed9229e-43ad-4fb4-aff3-94951772e5f9
*** Element info: {Using=xpath, value=//input[@type=&amp;apos;Email&amp;apos;]}">
      <![CDATA[org.openqa.selenium.NoSuchElementException: Unable to locate element: //input[@type='Email']
For documentation on this error, please visit: https://www.seleniumhq.org/exceptions/no_such_element.html
Build info: version: '3.141.59', revision: 'e82be7d358', time: '2018-11-14T08:17:03'
System info: host: 'DESKTOP-K8U4OTN', ip: '192.168.119.1', os.name: 'Windows 10', os.arch: 'amd64', os.version: '10.0', java.version: '17.0.8'
Driver info: org.openqa.selenium.firefox.FirefoxDriver
Capabilities {acceptInsecureCerts: true, browserName: firefox, browserVersion: 115.0.3, javascriptEnabled: true, moz:accessibilityChecks: false, moz:buildID: 20230726201356, moz:geckodriverVersion: 0.31.0, moz:headless: false, moz:platformVersion: 10.0, moz:processID: 13624, moz:profile: C:\Users\KOUSHI~1\AppData\L..., moz:shutdownTimeout: 60000, moz:useNonSpecCompliantPointerOrigin: false, moz:webdriverClick: true, moz:windowless: false, pageLoadStrategy: normal, platform: WINDOWS, platformName: WINDOWS, proxy: Proxy(), setWindowRect: true, strictFileInteractability: false, timeouts: {implicit: 0, pageLoad: 300000, script: 30000}, unhandledPromptBehavior: dismiss and notify}
Session ID: 6ed9229e-43ad-4fb4-aff3-94951772e5f9
*** Element info: {Using=xpath, value=//input[@type='Email']}
at org.openqa.selenium.remote.http.W3CHttpResponseCodec.createException(W3CHttpResponseCodec.java:187)
at org.openqa.selenium.remote.http.W3CHttpResponseCodec.decode(W3CHttpResponseCodec.java:122)
at org.openqa.selenium.remote.http.W3CHttpResponseCodec.decode(W3CHttpResponseCodec.java:49)
at org.openqa.selenium.remote.HttpCommandExecutor.execute(HttpCommandExecutor.java:158)
at org.openqa.selenium.remote.service.DriverCommandExecutor.execute(DriverCommandExecutor.java:83)
at org.openqa.selenium.remote.RemoteWebDriver.execute(RemoteWebDriver.java:552)
at org.openqa.selenium.remote.RemoteWebDriver.findElement(RemoteWebDriver.java:323)
at org.openqa.selenium.remote.RemoteWebDriver.findElementByXPath(RemoteWebDriver.java:428)
at org.openqa.selenium.By$ByXPath.findElement(By.java:353)
at org.openqa.selenium.remote.RemoteWebDriver.findElement(RemoteWebDriver.java:315)
at org.openqa.selenium.support.pagefactory.DefaultElementLocator.findElement(DefaultElementLocator.java:69)
at org.openqa.selenium.support.pagefactory.internal.LocatingElementHandler.invoke(LocatingElementHandler.java:38)
at jdk.proxy2/jdk.proxy2.$Proxy18.sendKeys(Unknown Source)
at com.hrm.ObjectRepository.Loginpage.login(Loginpage.java:52)
at com.hrm.GenericUtility.Baseclass.cofig_BM(Baseclass.java:55)
at java.base/java.util.ArrayList.forEach(ArrayList.java:1511)
at java.base/java.util.concurrent.FutureTask.run(FutureTask.java:264)
at java.base/java.util.concurrent.ThreadPoolExecutor.runWorker(ThreadPoolExecutor.java:1136)
at java.base/java.util.concurrent.ThreadPoolExecutor$Worker.run(ThreadPoolExecutor.java:635)
at java.base/java.lang.Thread.run(Thread.java:833)
... Removed 27 stack frames]]>
    </failure>
  </testcase> <!-- @BeforeMethod cofig_BM -->
  <testcase classname="com.hrm.GenericUtility.Baseclass" name="@AfterMethod cofig_AM" time="-1.691469379813E9">
    <skipped/>
  </testcase> <!-- @AfterMethod cofig_AM -->
  <testcase classname="com.hrm.GenericUtility.Baseclass" name="@BeforeMethod cofig_BM" time="-1.691469379815E9">
    <skipped/>
  </testcase> <!-- @BeforeMethod cofig_BM -->
  <testcase classname="com.hrm.GenericUtility.Baseclass" name="@AfterMethod cofig_AM" time="-1.691469379821E9">
    <skipped/>
  </testcase> <!-- @AfterMethod cofig_AM -->
  <testcase classname="com.hrm.GenericUtility.Baseclass" name="@AfterClass config_AC" time="-1.691469379823E9">
    <skipped/>
  </testcase> <!-- @AfterClass config_AC -->
  <testcase classname="com.hrm.GenericUtility.Baseclass" name="@BeforeMethod cofig_BM" time="0.258">
    <failure type="org.openqa.selenium.NoSuchElementException" message="Unable to locate element: //input[@type=&amp;apos;Email&amp;apos;]
For documentation on this error, please visit: https://www.seleniumhq.org/exceptions/no_such_element.html
Build info: version: &amp;apos;3.141.59&amp;apos;, revision: &amp;apos;e82be7d358&amp;apos;, time: &amp;apos;2018-11-14T08:17:03&amp;apos;
System info: host: &amp;apos;DESKTOP-K8U4OTN&amp;apos;, ip: &amp;apos;192.168.119.1&amp;apos;, os.name: &amp;apos;Windows 10&amp;apos;, os.arch: &amp;apos;amd64&amp;apos;, os.version: &amp;apos;10.0&amp;apos;, java.version: &amp;apos;17.0.8&amp;apos;
Driver info: org.openqa.selenium.firefox.FirefoxDriver
Capabilities {acceptInsecureCerts: true, browserName: firefox, browserVersion: 115.0.3, javascriptEnabled: true, moz:accessibilityChecks: false, moz:buildID: 20230726201356, moz:geckodriverVersion: 0.31.0, moz:headless: false, moz:platformVersion: 10.0, moz:processID: 11220, moz:profile: C:\Users\KOUSHI~1\AppData\L..., moz:shutdownTimeout: 60000, moz:useNonSpecCompliantPointerOrigin: false, moz:webdriverClick: true, moz:windowless: false, pageLoadStrategy: normal, platform: WINDOWS, platformName: WINDOWS, proxy: Proxy(), setWindowRect: true, strictFileInteractability: false, timeouts: {implicit: 0, pageLoad: 300000, script: 30000}, unhandledPromptBehavior: dismiss and notify}
Session ID: 410672c2-4df8-487d-96d5-f81e7f00033d
*** Element info: {Using=xpath, value=//input[@type=&amp;apos;Email&amp;apos;]}">
      <![CDATA[org.openqa.selenium.NoSuchElementException: Unable to locate element: //input[@type='Email']
For documentation on this error, please visit: https://www.seleniumhq.org/exceptions/no_such_element.html
Build info: version: '3.141.59', revision: 'e82be7d358', time: '2018-11-14T08:17:03'
System info: host: 'DESKTOP-K8U4OTN', ip: '192.168.119.1', os.name: 'Windows 10', os.arch: 'amd64', os.version: '10.0', java.version: '17.0.8'
Driver info: org.openqa.selenium.firefox.FirefoxDriver
Capabilities {acceptInsecureCerts: true, browserName: firefox, browserVersion: 115.0.3, javascriptEnabled: true, moz:accessibilityChecks: false, moz:buildID: 20230726201356, moz:geckodriverVersion: 0.31.0, moz:headless: false, moz:platformVersion: 10.0, moz:processID: 11220, moz:profile: C:\Users\KOUSHI~1\AppData\L..., moz:shutdownTimeout: 60000, moz:useNonSpecCompliantPointerOrigin: false, moz:webdriverClick: true, moz:windowless: false, pageLoadStrategy: normal, platform: WINDOWS, platformName: WINDOWS, proxy: Proxy(), setWindowRect: true, strictFileInteractability: false, timeouts: {implicit: 0, pageLoad: 300000, script: 30000}, unhandledPromptBehavior: dismiss and notify}
Session ID: 410672c2-4df8-487d-96d5-f81e7f00033d
*** Element info: {Using=xpath, value=//input[@type='Email']}
at org.openqa.selenium.remote.http.W3CHttpResponseCodec.createException(W3CHttpResponseCodec.java:187)
at org.openqa.selenium.remote.http.W3CHttpResponseCodec.decode(W3CHttpResponseCodec.java:122)
at org.openqa.selenium.remote.http.W3CHttpResponseCodec.decode(W3CHttpResponseCodec.java:49)
at org.openqa.selenium.remote.HttpCommandExecutor.execute(HttpCommandExecutor.java:158)
at org.openqa.selenium.remote.service.DriverCommandExecutor.execute(DriverCommandExecutor.java:83)
at org.openqa.selenium.remote.RemoteWebDriver.execute(RemoteWebDriver.java:552)
at org.openqa.selenium.remote.RemoteWebDriver.findElement(RemoteWebDriver.java:323)
at org.openqa.selenium.remote.RemoteWebDriver.findElementByXPath(RemoteWebDriver.java:428)
at org.openqa.selenium.By$ByXPath.findElement(By.java:353)
at org.openqa.selenium.remote.RemoteWebDriver.findElement(RemoteWebDriver.java:315)
at org.openqa.selenium.support.pagefactory.DefaultElementLocator.findElement(DefaultElementLocator.java:69)
at org.openqa.selenium.support.pagefactory.internal.LocatingElementHandler.invoke(LocatingElementHandler.java:38)
at jdk.proxy2/jdk.proxy2.$Proxy18.sendKeys(Unknown Source)
at com.hrm.ObjectRepository.Loginpage.login(Loginpage.java:52)
at com.hrm.GenericUtility.Baseclass.cofig_BM(Baseclass.java:55)
at java.base/java.util.ArrayList.forEach(ArrayList.java:1511)
at java.base/java.util.concurrent.FutureTask.run(FutureTask.java:264)
at java.base/java.util.concurrent.ThreadPoolExecutor.runWorker(ThreadPoolExecutor.java:1136)
at java.base/java.util.concurrent.ThreadPoolExecutor$Worker.run(ThreadPoolExecutor.java:635)
at java.base/java.lang.Thread.run(Thread.java:833)
... Removed 27 stack frames]]>
    </failure>
  </testcase> <!-- @BeforeMethod cofig_BM -->
  <testcase classname="com.hrm.GenericUtility.Baseclass" name="@AfterMethod cofig_AM" time="-1.691469390572E9">
    <skipped/>
  </testcase> <!-- @AfterMethod cofig_AM -->
  <testcase classname="com.hrm.GenericUtility.Baseclass" name="@BeforeMethod cofig_BM" time="-1.691469390574E9">
    <skipped/>
  </testcase> <!-- @BeforeMethod cofig_BM -->
  <testcase classname="com.hrm.GenericUtility.Baseclass" name="@AfterMethod cofig_AM" time="-1.691469390585E9">
    <skipped/>
  </testcase> <!-- @AfterMethod cofig_AM -->
  <testcase classname="com.hrm.GenericUtility.Baseclass" name="@AfterClass config_AC" time="-1.691469390586E9">
    <skipped/>
  </testcase> <!-- @AfterClass config_AC -->
  <testcase classname="com.hrm.GenericUtility.Baseclass" name="@BeforeMethod cofig_BM" time="0.276">
    <failure type="org.openqa.selenium.NoSuchElementException" message="Unable to locate element: //input[@type=&amp;apos;Email&amp;apos;]
For documentation on this error, please visit: https://www.seleniumhq.org/exceptions/no_such_element.html
Build info: version: &amp;apos;3.141.59&amp;apos;, revision: &amp;apos;e82be7d358&amp;apos;, time: &amp;apos;2018-11-14T08:17:03&amp;apos;
System info: host: &amp;apos;DESKTOP-K8U4OTN&amp;apos;, ip: &amp;apos;192.168.119.1&amp;apos;, os.name: &amp;apos;Windows 10&amp;apos;, os.arch: &amp;apos;amd64&amp;apos;, os.version: &amp;apos;10.0&amp;apos;, java.version: &amp;apos;17.0.8&amp;apos;
Driver info: org.openqa.selenium.firefox.FirefoxDriver
Capabilities {acceptInsecureCerts: true, browserName: firefox, browserVersion: 115.0.3, javascriptEnabled: true, moz:accessibilityChecks: false, moz:buildID: 20230726201356, moz:geckodriverVersion: 0.31.0, moz:headless: false, moz:platformVersion: 10.0, moz:processID: 9492, moz:profile: C:\Users\KOUSHI~1\AppData\L..., moz:shutdownTimeout: 60000, moz:useNonSpecCompliantPointerOrigin: false, moz:webdriverClick: true, moz:windowless: false, pageLoadStrategy: normal, platform: WINDOWS, platformName: WINDOWS, proxy: Proxy(), setWindowRect: true, strictFileInteractability: false, timeouts: {implicit: 0, pageLoad: 300000, script: 30000}, unhandledPromptBehavior: dismiss and notify}
Session ID: d4d77264-bc29-407d-81c9-1d24b2945333
*** Element info: {Using=xpath, value=//input[@type=&amp;apos;Email&amp;apos;]}">
      <![CDATA[org.openqa.selenium.NoSuchElementException: Unable to locate element: //input[@type='Email']
For documentation on this error, please visit: https://www.seleniumhq.org/exceptions/no_such_element.html
Build info: version: '3.141.59', revision: 'e82be7d358', time: '2018-11-14T08:17:03'
System info: host: 'DESKTOP-K8U4OTN', ip: '192.168.119.1', os.name: 'Windows 10', os.arch: 'amd64', os.version: '10.0', java.version: '17.0.8'
Driver info: org.openqa.selenium.firefox.FirefoxDriver
Capabilities {acceptInsecureCerts: true, browserName: firefox, browserVersion: 115.0.3, javascriptEnabled: true, moz:accessibilityChecks: false, moz:buildID: 20230726201356, moz:geckodriverVersion: 0.31.0, moz:headless: false, moz:platformVersion: 10.0, moz:processID: 9492, moz:profile: C:\Users\KOUSHI~1\AppData\L..., moz:shutdownTimeout: 60000, moz:useNonSpecCompliantPointerOrigin: false, moz:webdriverClick: true, moz:windowless: false, pageLoadStrategy: normal, platform: WINDOWS, platformName: WINDOWS, proxy: Proxy(), setWindowRect: true, strictFileInteractability: false, timeouts: {implicit: 0, pageLoad: 300000, script: 30000}, unhandledPromptBehavior: dismiss and notify}
Session ID: d4d77264-bc29-407d-81c9-1d24b2945333
*** Element info: {Using=xpath, value=//input[@type='Email']}
at org.openqa.selenium.remote.http.W3CHttpResponseCodec.createException(W3CHttpResponseCodec.java:187)
at org.openqa.selenium.remote.http.W3CHttpResponseCodec.decode(W3CHttpResponseCodec.java:122)
at org.openqa.selenium.remote.http.W3CHttpResponseCodec.decode(W3CHttpResponseCodec.java:49)
at org.openqa.selenium.remote.HttpCommandExecutor.execute(HttpCommandExecutor.java:158)
at org.openqa.selenium.remote.service.DriverCommandExecutor.execute(DriverCommandExecutor.java:83)
at org.openqa.selenium.remote.RemoteWebDriver.execute(RemoteWebDriver.java:552)
at org.openqa.selenium.remote.RemoteWebDriver.findElement(RemoteWebDriver.java:323)
at org.openqa.selenium.remote.RemoteWebDriver.findElementByXPath(RemoteWebDriver.java:428)
at org.openqa.selenium.By$ByXPath.findElement(By.java:353)
at org.openqa.selenium.remote.RemoteWebDriver.findElement(RemoteWebDriver.java:315)
at org.openqa.selenium.support.pagefactory.DefaultElementLocator.findElement(DefaultElementLocator.java:69)
at org.openqa.selenium.support.pagefactory.internal.LocatingElementHandler.invoke(LocatingElementHandler.java:38)
at jdk.proxy2/jdk.proxy2.$Proxy18.sendKeys(Unknown Source)
at com.hrm.ObjectRepository.Loginpage.login(Loginpage.java:52)
at com.hrm.GenericUtility.Baseclass.cofig_BM(Baseclass.java:55)
at java.base/java.util.ArrayList.forEach(ArrayList.java:1511)
at java.base/java.util.concurrent.FutureTask.run(FutureTask.java:264)
at java.base/java.util.concurrent.ThreadPoolExecutor.runWorker(ThreadPoolExecutor.java:1136)
at java.base/java.util.concurrent.ThreadPoolExecutor$Worker.run(ThreadPoolExecutor.java:635)
at java.base/java.lang.Thread.run(Thread.java:833)
... Removed 27 stack frames]]>
    </failure>
  </testcase> <!-- @BeforeMethod cofig_BM -->
  <testcase classname="com.hrm.GenericUtility.Baseclass" name="@AfterMethod cofig_AM" time="-1.691469402529E9">
    <skipped/>
  </testcase> <!-- @AfterMethod cofig_AM -->
  <testcase classname="com.hrm.GenericUtility.Baseclass" name="@BeforeMethod cofig_BM" time="-1.691469402531E9">
    <skipped/>
  </testcase> <!-- @BeforeMethod cofig_BM -->
  <testcase classname="com.hrm.GenericUtility.Baseclass" name="@AfterMethod cofig_AM" time="-1.691469402542E9">
    <skipped/>
  </testcase> <!-- @AfterMethod cofig_AM -->
  <testcase classname="com.hrm.GenericUtility.Baseclass" name="@AfterClass config_AC" time="-1.691469402544E9">
    <skipped/>
  </testcase> <!-- @AfterClass config_AC -->
  <testcase classname="com.practice.Admin_hrHead" name="createAdmin" time="0.0">
    <skipped/>
  </testcase> <!-- createAdmin -->
  <testcase classname="com.practice.Admin_hrHead" name="editAdmin" time="0.0">
    <skipped/>
  </testcase> <!-- editAdmin -->
  <testcase classname="com.practice.Empbyhrassis" name="createEmp" time="0.0">
    <skipped/>
  </testcase> <!-- createEmp -->
  <testcase classname="com.practice.Empbyhrassis" name="editEmp" time="0.0">
    <skipped/>
  </testcase> <!-- editEmp -->
  <testcase classname="com.practice.CorpbyhrHead" name="createCorp" time="0.0">
    <skipped/>
  </testcase> <!-- createCorp -->
  <testcase classname="com.practice.CorpbyhrHead" name="editCorp" time="0.0">
    <skipped/>
  </testcase> <!-- editCorp -->
  <testcase classname="com.practice.Branch_hrHead" name="createBranch" time="0.0">
    <skipped/>
  </testcase> <!-- createBranch -->
  <testcase classname="com.practice.Branch_hrHead" name="editBranch" time="0.0">
    <skipped/>
  </testcase> <!-- editBranch -->
  <testcase classname="com.hrm.GenericUtility.Baseclass" name="@BeforeSuite config_BS" time="0.0">
    <ignored/>
  </testcase> <!-- @BeforeSuite config_BS -->
  <testcase classname="com.hrm.GenericUtility.Baseclass" name="@BeforeSuite config_BS" time="0.0">
    <ignored/>
  </testcase> <!-- @BeforeSuite config_BS -->
  <testcase classname="com.hrm.GenericUtility.Baseclass" name="@BeforeSuite config_BS" time="0.0">
    <ignored/>
  </testcase> <!-- @BeforeSuite config_BS -->
  <testcase classname="com.hrm.GenericUtility.Baseclass" name="@AfterSuite cofig_AS" time="0.0">
    <ignored/>
  </testcase> <!-- @AfterSuite cofig_AS -->
  <testcase classname="com.hrm.GenericUtility.Baseclass" name="@AfterSuite cofig_AS" time="0.0">
    <ignored/>
  </testcase> <!-- @AfterSuite cofig_AS -->
  <testcase classname="com.hrm.GenericUtility.Baseclass" name="@AfterSuite cofig_AS" time="0.0">
    <ignored/>
  </testcase> <!-- @AfterSuite cofig_AS -->
</testsuite> <!-- Test Runner-1 -->
